<?xml version="1.0" encoding="UTF-8"?>
<!-- Generated by org.testng.reporters.JUnitXMLReporter -->
<testsuite ignored="0" hostname="ZAIGO" failures="1" tests="1" name="Test" time="9.797" errors="0" timestamp="2021-02-03T13:45:52 IST">
  <testcase classname="hrms.TestCase" name="test" time="9.736">
    <failure type="java.lang.NullPointerException">
      <![CDATA[java.lang.NullPointerException
at hrms.Login.mail(Login.java:21)
at hrms.TestCase.test(TestCase.java:19)
at java.base/java.util.ArrayList.forEach(ArrayList.java:1540)
... Removed 27 stack frames]]>
    </failure>
  </testcase> <!-- test -->
</testsuite> <!-- Test -->
